# JRE version: OpenJDK Runtime Environment Corretto-15.0.2.7.1 (15.0.2+7) (build 15.0.2+7)
# Java VM: OpenJDK 64-Bit Server VM Corretto-15.0.2.7.1 (15.0.2+7, mixed mode, sharing, tiered, compressed oops, g1 gc, windows-amd64)
GC Precious Log:
 CPUs: 8 total, 8 available
 Memory: 16179M
 Large Page Support: Disabled
 NUMA Support: Disabled
 Compressed Oops: Enabled (Zero based)
 Heap Region Size: 2M
 Heap Min Capacity: 8M
 Heap Initial Capacity: 254M
 Heap Max Capacity: 4046M
 Pre-touch: Disabled
 Parallel Workers: 8
 Concurrent Workers: 2
 Concurrent Refinement Workers: 8
 Periodic GC: Disabled
Heap:
 garbage-first heap   total 165888K, used 50087K [0x0000000703200000, 0x0000000800000000)
  region size 2048K, 4 young (8192K), 4 survivors (8192K)
 Metaspace       used 75586K, capacity 76297K, committed 76572K, reserved 1116160K
  class space    used 9858K, capacity 10077K, committed 10112K, reserved 1048576K
GC Heap History (20 events):
Event: 0.878 GC heap after
{Heap after GC invocations=3 (full 0):
 garbage-first heap   total 260096K, used 21499K [0x0000000703200000, 0x0000000800000000)
  region size 2048K, 3 young (6144K), 3 survivors (6144K)
 Metaspace       used 18070K, capacity 18350K, committed 18432K, reserved 1064960K
  class space    used 2454K, capacity 2535K, committed 2560K, reserved 1048576K
}
Event: 0.936 GC heap before
{Heap before GC invocations=3 (full 0):
 garbage-first heap   total 260096K, used 33787K [0x0000000703200000, 0x0000000800000000)
  region size 2048K, 11 young (22528K), 3 survivors (6144K)
 Metaspace       used 20737K, capacity 21040K, committed 21248K, reserved 1067008K
  class space    used 2722K, capacity 2793K, committed 2816K, reserved 1048576K
}
Event: 0.939 GC heap after
{Heap after GC invocations=4 (full 0):
 garbage-first heap   total 260096K, used 22324K [0x0000000703200000, 0x0000000800000000)
  region size 2048K, 3 young (6144K), 3 survivors (6144K)
 Metaspace       used 20737K, capacity 21040K, committed 21248K, reserved 1067008K
  class space    used 2722K, capacity 2793K, committed 2816K, reserved 1048576K
}
Event: 1.248 GC heap before
{Heap before GC invocations=5 (full 0):
 garbage-first heap   total 90112K, used 67380K [0x0000000703200000, 0x0000000800000000)
  region size 2048K, 26 young (53248K), 3 survivors (6144K)
 Metaspace       used 26770K, capacity 27093K, committed 27132K, reserved 1073152K
  class space    used 3477K, capacity 3573K, committed 3584K, reserved 1048576K
}
Event: 1.255 GC heap after
{Heap after GC invocations=6 (full 0):
 garbage-first heap   total 108544K, used 24975K [0x0000000703200000, 0x0000000800000000)
  region size 2048K, 3 young (6144K), 3 survivors (6144K)
 Metaspace       used 26770K, capacity 27093K, committed 27132K, reserved 1073152K
  class space    used 3477K, capacity 3573K, committed 3584K, reserved 1048576K
}
Event: 1.717 GC heap before
{Heap before GC invocations=6 (full 0):
 garbage-first heap   total 108544K, used 76175K [0x0000000703200000, 0x0000000800000000)
  region size 2048K, 28 young (57344K), 3 survivors (6144K)
 Metaspace       used 35066K, capacity 35521K, committed 35580K, reserved 1079296K
  class space    used 4714K, capacity 4854K, committed 4864K, reserved 1048576K
}
Event: 1.725 GC heap after
{Heap after GC invocations=7 (full 0):
 garbage-first heap   total 108544K, used 28419K [0x0000000703200000, 0x0000000800000000)
  region size 2048K, 4 young (8192K), 4 survivors (8192K)
 Metaspace       used 35066K, capacity 35521K, committed 35580K, reserved 1079296K
  class space    used 4714K, capacity 4854K, committed 4864K, reserved 1048576K
}
Event: 1.740 GC heap before
{Heap before GC invocations=7 (full 0):
 garbage-first heap   total 108544K, used 28419K [0x0000000703200000, 0x0000000800000000)
  region size 2048K, 5 young (10240K), 4 survivors (8192K)
 Metaspace       used 35438K, capacity 35809K, committed 35964K, reserved 1081344K
  class space    used 4763K, capacity 4886K, committed 4992K, reserved 1048576K
}
Event: 1.747 GC heap after
{Heap after GC invocations=8 (full 0):
 garbage-first heap   total 108544K, used 28515K [0x0000000703200000, 0x0000000800000000)
  region size 2048K, 2 young (4096K), 2 survivors (4096K)
 Metaspace       used 35438K, capacity 35809K, committed 35964K, reserved 1081344K
  class space    used 4763K, capacity 4886K, committed 4992K, reserved 1048576K
}
Event: 2.038 GC heap before
{Heap before GC invocations=9 (full 0):
 garbage-first heap   total 108544K, used 77667K [0x0000000703200000, 0x0000000800000000)
  region size 2048K, 27 young (55296K), 2 survivors (4096K)
 Metaspace       used 40693K, capacity 41142K, committed 41212K, reserved 1085440K
  class space    used 5425K, capacity 5595K, committed 5632K, reserved 1048576K
}
Event: 2.043 GC heap after
{Heap after GC invocations=10 (full 0):
 garbage-first heap   total 108544K, used 31415K [0x0000000703200000, 0x0000000800000000)
  region size 2048K, 4 young (8192K), 4 survivors (8192K)
 Metaspace       used 40693K, capacity 41142K, committed 41212K, reserved 1085440K
  class space    used 5425K, capacity 5595K, committed 5632K, reserved 1048576K
}
Event: 2.344 GC heap before
{Heap before GC invocations=10 (full 0):
 garbage-first heap   total 108544K, used 78519K [0x0000000703200000, 0x0000000800000000)
  region size 2048K, 28 young (57344K), 4 survivors (8192K)
 Metaspace       used 45724K, capacity 46172K, committed 46332K, reserved 1089536K
  class space    used 5992K, capacity 6140K, committed 6144K, reserved 1048576K
}
Event: 2.349 GC heap after
{Heap after GC invocations=11 (full 0):
 garbage-first heap   total 137216K, used 34465K [0x0000000703200000, 0x0000000800000000)
  region size 2048K, 4 young (8192K), 4 survivors (8192K)
 Metaspace       used 45724K, capacity 46172K, committed 46332K, reserved 1089536K
  class space    used 5992K, capacity 6140K, committed 6144K, reserved 1048576K
}
Event: 2.761 GC heap before
{Heap before GC invocations=11 (full 0):
 garbage-first heap   total 137216K, used 102049K [0x0000000703200000, 0x0000000800000000)
  region size 2048K, 37 young (75776K), 4 survivors (8192K)
 Metaspace       used 52150K, capacity 52607K, committed 52860K, reserved 1095680K
  class space    used 6847K, capacity 6991K, committed 7040K, reserved 1048576K
}
Event: 2.766 GC heap after
{Heap after GC invocations=12 (full 0):
 garbage-first heap   total 137216K, used 38090K [0x0000000703200000, 0x0000000800000000)
  region size 2048K, 4 young (8192K), 4 survivors (8192K)
 Metaspace       used 52150K, capacity 52607K, committed 52860K, reserved 1095680K
  class space    used 6847K, capacity 6991K, committed 7040K, reserved 1048576K
}
Event: 3.150 GC heap before
{Heap before GC invocations=12 (full 0):
 garbage-first heap   total 137216K, used 91338K [0x0000000703200000, 0x0000000800000000)
  region size 2048K, 31 young (63488K), 4 survivors (8192K)
 Metaspace       used 59658K, capacity 60199K, committed 60284K, reserved 1101824K
  class space    used 7827K, capacity 7998K, committed 8064K, reserved 1048576K
}
Event: 3.156 GC heap after
{Heap after GC invocations=13 (full 0):
 garbage-first heap   total 137216K, used 42575K [0x0000000703200000, 0x0000000800000000)
  region size 2048K, 5 young (10240K), 5 survivors (10240K)
 Metaspace       used 59658K, capacity 60199K, committed 60284K, reserved 1101824K
  class space    used 7827K, capacity 7998K, committed 8064K, reserved 1048576K
}
Event: 3.661 GC heap before
{Heap before GC invocations=14 (full 0):
 garbage-first heap   total 137216K, used 104015K [0x0000000703200000, 0x0000000800000000)
  region size 2048K, 35 young (71680K), 5 survivors (10240K)
 Metaspace       used 63719K, capacity 64322K, committed 64540K, reserved 1105920K
  class space    used 8396K, capacity 8575K, committed 8576K, reserved 1048576K
}
Event: 3.666 GC heap after
{Heap after GC invocations=15 (full 0):
 garbage-first heap   total 137216K, used 45725K [0x0000000703200000, 0x0000000800000000)
  region size 2048K, 4 young (8192K), 4 survivors (8192K)
 Metaspace       used 63719K, capacity 64322K, committed 64540K, reserved 1105920K
  class space    used 8396K, capacity 8575K, committed 8576K, reserved 1048576K
}
Event: 20.725 GC heap before
{Heap before GC invocations=16 (full 0):
 garbage-first heap   total 137216K, used 105117K [0x0000000703200000, 0x0000000800000000)
  region size 2048K, 34 young (69632K), 4 survivors (8192K)
 Metaspace       used 75586K, capacity 76297K, committed 76572K, reserved 1116160K
  class space    used 9858K, capacity 10077K, committed 10112K, reserved 1048576K
}

